<?xml version="1.0" encoding="UTF-8"?>
<testsuite name="com.uyanga.useCase.CreateCustomerTest" tests="8" skipped="0" failures="0" errors="0" timestamp="2021-10-26T03:14:50" hostname="GANTULGA" time="0.043">
  <properties/>
  <testcase name="ordThrowsExceptionWhenCustomerPhoneNumLongerThan8()" classname="com.uyanga.useCase.CreateCustomerTest" time="0.027"/>
  <testcase name="ordThrowsExceptionWhenCustomerNameEmpty()" classname="com.uyanga.useCase.CreateCustomerTest" time="0.001"/>
  <testcase name="ordThrowsExceptionWhenCustomerPhoneNumIncludeChar()" classname="com.uyanga.useCase.CreateCustomerTest" time="0.001"/>
  <testcase name="ordThrowsExceptionWhenCustomerNameNull()" classname="com.uyanga.useCase.CreateCustomerTest" time="0.001"/>
  <testcase name="ordCreatesInstance()" classname="com.uyanga.useCase.CreateCustomerTest" time="0.003"/>
  <testcase name="ordThrowsExceptionWhenCustomerPhoneEmpty()" classname="com.uyanga.useCase.CreateCustomerTest" time="0.001"/>
  <testcase name="ordThrowsExceptionWhenCustomerPhoneNumShorterThan8()" classname="com.uyanga.useCase.CreateCustomerTest" time="0.001"/>
  <testcase name="ordThrowsExceptionWhenCustomerPhoneNull()" classname="com.uyanga.useCase.CreateCustomerTest" time="0.001"/>
  <system-out><![CDATA[]]></system-out>
  <system-err><![CDATA[]]></system-err>
</testsuite>
