<?xml version="1.0" encoding="UTF-8"?>
<testsuite name="com.uyanga.entity.OrderTest" tests="6" skipped="0" failures="0" errors="0" timestamp="2021-10-26T07:20:52" hostname="GANTULGA" time="0.047">
  <properties/>
  <testcase name="ordThrowsExceptionWhenProductListNull()" classname="com.uyanga.entity.OrderTest" time="0.032"/>
  <testcase name="ordThrowsExceptionWhenCustomerIDEmpty()" classname="com.uyanga.entity.OrderTest" time="0.003"/>
  <testcase name="ordCreatesInstance()" classname="com.uyanga.entity.OrderTest" time="0.003"/>
  <testcase name="ordThrowsExceptionWhenTotalIsNegative()" classname="com.uyanga.entity.OrderTest" time="0.001"/>
  <testcase name="ordThrowsExceptionWhenProductListEmpty()" classname="com.uyanga.entity.OrderTest" time="0.001"/>
  <testcase name="ordThrowsExceptionWhenCustomerIDNull()" classname="com.uyanga.entity.OrderTest" time="0.001"/>
  <system-out><![CDATA[]]></system-out>
  <system-err><![CDATA[]]></system-err>
</testsuite>
