<?xml version="1.0" encoding="UTF-8"?>
<testsuite name="com.uyanga.StockTest" tests="3" skipped="0" failures="0" errors="0" timestamp="2021-10-26T01:50:19" hostname="GANTULGA" time="0.03">
  <properties/>
  <testcase name="sttThrowsExceptionWhenAddressNull()" classname="com.uyanga.StockTest" time="0.025"/>
  <testcase name="sttThrowsExceptionWhenAddressEmpty()" classname="com.uyanga.StockTest" time="0.001"/>
  <testcase name="sttCreatesInstance()" classname="com.uyanga.StockTest" time="0.002"/>
  <system-out><![CDATA[]]></system-out>
  <system-err><![CDATA[]]></system-err>
</testsuite>
