<?xml version="1.0" encoding="UTF-8"?>
<testsuite name="com.uyanga.useCase.CreateOrderTest" tests="1" skipped="0" failures="0" errors="0" timestamp="2021-10-26T08:00:45" hostname="GANTULGA" time="0.05">
  <properties/>
  <testcase name="ordCreatesInstance()" classname="com.uyanga.useCase.CreateOrderTest" time="0.05"/>
  <system-out><![CDATA[]]></system-out>
  <system-err><![CDATA[]]></system-err>
</testsuite>
