<?xml version="1.0" encoding="UTF-8"?>
<testsuite name="com.uyanga.OrderTest" tests="4" skipped="0" failures="0" errors="0" timestamp="2021-10-25T05:07:18" hostname="GANTULGA" time="0.039">
  <properties/>
  <testcase name="ctrCreatesInstance()" classname="com.uyanga.OrderTest" time="0.031"/>
  <testcase name="ctrThrowsExceptionWhenCustomerIDNull()" classname="com.uyanga.OrderTest" time="0.003"/>
  <testcase name="ctrThrowsExceptionWhenProductListEmpty()" classname="com.uyanga.OrderTest" time="0.001"/>
  <testcase name="ctrThrowsExceptionWhenCustomerIDEmpty()" classname="com.uyanga.OrderTest" time="0.002"/>
  <system-out><![CDATA[]]></system-out>
  <system-err><![CDATA[]]></system-err>
</testsuite>
